[26/Jul/2022:22:33:21] (I): WordPress Instance Info:
[26/Jul/2022:22:33:21] (I): Home URL : http://localhost/pointyab
[26/Jul/2022:22:33:21] (I): Site URL : http://localhost/pointyab
[26/Jul/2022:22:33:21] (I): WordPress Version : 6.0.1
[26/Jul/2022:22:33:21] (I): Onboarding Version : 1.1.24
[26/Jul/2022:22:33:21] (I): Multisite : No
[26/Jul/2022:22:33:21] (I): Server Info : Apache/2.4.46 (Win64) PHP/7.3.21
[26/Jul/2022:22:33:21] (I): PHP Version : 7.3.21
[26/Jul/2022:22:33:21] (I): HTTPS : No
[26/Jul/2022:22:33:21] (I): PHP Max Execution Time : 120
[26/Jul/2022:22:33:21] (I): PHP Max Input Vars : 2500
[26/Jul/2022:22:33:21] (I): Max Upload Size : 2097152
[26/Jul/2022:22:33:21] (I): Plugins:
[26/Jul/2022:22:33:21] (I): [PLUGIN] If Menu - Visibility control for menus : v0.16.3 (Layered)
[26/Jul/2022:22:33:21] (I): [PLUGIN] MihanPanel Lite : v11.0.2 (Ertano)
[26/Jul/2022:22:33:21] (I): [PLUGIN] Templates Patterns Collection : v1.1.24 (ThemeIsle)
[26/Jul/2022:22:33:21] (I): [PLUGIN] User Shortcodes Plus : v2.0.2 (Kyle B. Johnson)
[26/Jul/2022:22:33:21] (I): [PLUGIN] ویژوال کامپوزر : v44.3.1 (visualcomposer.com)
[26/Jul/2022:22:33:21] (I): [PLUGIN] درون‌ریز وردپرس : v0.7 (wordpressdotorg)
[26/Jul/2022:22:33:21] (I): [PLUGIN] WPForms Lite : v1.7.5.3 (WPForms)
[26/Jul/2022:22:33:21] (I): [PLUGIN] YellowPencil : v7.5.6 (WaspThemes)
